2021/06/28 12:22:59 [notice] 1#1: using the "epoll" event method
2021/06/28 12:22:59 [notice] 1#1: nginx/1.20.1
2021/06/28 12:22:59 [notice] 1#1: built by gcc 8.3.0 (Debian 8.3.0-6) 
2021/06/28 12:22:59 [notice] 1#1: OS: Linux 5.10.25-linuxkit
2021/06/28 12:22:59 [notice] 1#1: getrlimit(RLIMIT_NOFILE): 1048576:1048576
2021/06/28 12:22:59 [notice] 1#1: start worker processes
2021/06/28 12:22:59 [notice] 1#1: start worker process 32
2021/06/28 12:22:59 [notice] 1#1: start worker process 33
2021/06/28 12:22:59 [notice] 1#1: start worker process 34
2021/06/28 12:22:59 [notice] 1#1: start worker process 35
2021/06/28 12:36:16 [notice] 1#1: signal 3 (SIGQUIT) received, shutting down
2021/06/28 12:36:16 [notice] 33#33: gracefully shutting down
2021/06/28 12:36:16 [notice] 34#34: gracefully shutting down
2021/06/28 12:36:16 [notice] 34#34: exiting
2021/06/28 12:36:16 [notice] 35#35: gracefully shutting down
2021/06/28 12:36:16 [notice] 35#35: exiting
2021/06/28 12:36:16 [notice] 32#32: gracefully shutting down
2021/06/28 12:36:16 [notice] 32#32: exiting
2021/06/28 12:36:16 [notice] 33#33: exiting
2021/06/28 12:36:16 [notice] 34#34: exit
2021/06/28 12:36:16 [notice] 35#35: exit
2021/06/28 12:36:16 [notice] 32#32: exit
2021/06/28 12:36:16 [notice] 33#33: exit
2021/06/28 12:36:16 [notice] 1#1: signal 17 (SIGCHLD) received from 35
2021/06/28 12:36:16 [notice] 1#1: worker process 35 exited with code 0
2021/06/28 12:36:17 [notice] 1#1: signal 29 (SIGIO) received
2021/06/28 12:36:17 [notice] 1#1: signal 17 (SIGCHLD) received from 34
2021/06/28 12:36:17 [notice] 1#1: worker process 32 exited with code 0
2021/06/28 12:36:17 [notice] 1#1: worker process 33 exited with code 0
2021/06/28 12:36:17 [notice] 1#1: worker process 34 exited with code 0
2021/06/28 12:36:17 [notice] 1#1: exit
2021/06/28 12:36:31 [notice] 1#1: using the "epoll" event method
2021/06/28 12:36:31 [notice] 1#1: nginx/1.20.1
2021/06/28 12:36:31 [notice] 1#1: built by gcc 8.3.0 (Debian 8.3.0-6) 
2021/06/28 12:36:31 [notice] 1#1: OS: Linux 5.10.25-linuxkit
2021/06/28 12:36:31 [notice] 1#1: getrlimit(RLIMIT_NOFILE): 1048576:1048576
2021/06/28 12:36:31 [notice] 1#1: start worker processes
2021/06/28 12:36:31 [notice] 1#1: start worker process 31
2021/06/28 12:36:31 [notice] 1#1: start worker process 32
2021/06/28 12:36:31 [notice] 1#1: start worker process 33
2021/06/28 12:36:31 [notice] 1#1: start worker process 34
2021/06/28 12:38:00 [notice] 1#1: signal 3 (SIGQUIT) received, shutting down
2021/06/28 12:38:00 [notice] 31#31: gracefully shutting down
2021/06/28 12:38:00 [notice] 31#31: exiting
2021/06/28 12:38:00 [notice] 32#32: gracefully shutting down
2021/06/28 12:38:00 [notice] 32#32: exiting
2021/06/28 12:38:00 [notice] 33#33: gracefully shutting down
2021/06/28 12:38:00 [notice] 33#33: exiting
2021/06/28 12:38:00 [notice] 34#34: gracefully shutting down
2021/06/28 12:38:00 [notice] 31#31: exit
2021/06/28 12:38:00 [notice] 32#32: exit
2021/06/28 12:38:00 [notice] 33#33: exit
2021/06/28 12:38:00 [notice] 34#34: exiting
2021/06/28 12:38:00 [notice] 34#34: exit
2021/06/28 12:38:00 [notice] 1#1: signal 17 (SIGCHLD) received from 31
2021/06/28 12:38:00 [notice] 1#1: worker process 31 exited with code 0
2021/06/28 12:38:00 [notice] 1#1: worker process 32 exited with code 0
2021/06/28 12:38:00 [notice] 1#1: worker process 33 exited with code 0
2021/06/28 12:38:00 [notice] 1#1: signal 29 (SIGIO) received
2021/06/28 12:38:00 [notice] 1#1: signal 17 (SIGCHLD) received from 32
2021/06/28 12:38:00 [notice] 1#1: signal 17 (SIGCHLD) received from 34
2021/06/28 12:38:00 [notice] 1#1: worker process 34 exited with code 0
2021/06/28 12:38:00 [notice] 1#1: exit
2021/06/28 12:38:19 [notice] 1#1: using the "epoll" event method
2021/06/28 12:38:19 [notice] 1#1: nginx/1.20.1
2021/06/28 12:38:19 [notice] 1#1: built by gcc 8.3.0 (Debian 8.3.0-6) 
2021/06/28 12:38:19 [notice] 1#1: OS: Linux 5.10.25-linuxkit
2021/06/28 12:38:19 [notice] 1#1: getrlimit(RLIMIT_NOFILE): 1048576:1048576
2021/06/28 12:38:19 [notice] 1#1: start worker processes
2021/06/28 12:38:19 [notice] 1#1: start worker process 32
2021/06/28 12:38:19 [notice] 1#1: start worker process 33
2021/06/28 12:38:19 [notice] 1#1: start worker process 34
2021/06/28 12:38:19 [notice] 1#1: start worker process 35
2021/06/28 12:38:27 [error] 32#32: *1 rewrite or internal redirection cycle while internally redirecting to "/index.php", client: 172.18.0.1, server: , request: "GET / HTTP/1.1", host: "localhost"
2021/06/28 12:38:28 [error] 32#32: *2 rewrite or internal redirection cycle while internally redirecting to "/index.php", client: 172.18.0.1, server: , request: "GET / HTTP/1.1", host: "localhost"
2021/06/28 12:38:29 [error] 32#32: *3 rewrite or internal redirection cycle while internally redirecting to "/index.php", client: 172.18.0.1, server: , request: "GET / HTTP/1.1", host: "localhost"
2021/06/28 12:38:30 [error] 32#32: *4 rewrite or internal redirection cycle while internally redirecting to "/index.php", client: 172.18.0.1, server: , request: "GET / HTTP/1.1", host: "localhost"
2021/06/28 12:39:11 [error] 33#33: *5 rewrite or internal redirection cycle while internally redirecting to "/index.php", client: 172.18.0.1, server: , request: "GET / HTTP/1.1", host: "localhost"
2021/06/28 12:39:28 [error] 32#32: *6 rewrite or internal redirection cycle while internally redirecting to "/index.php", client: 172.18.0.1, server: , request: "GET / HTTP/1.1", host: "localhost"
2021/06/28 12:39:39 [error] 32#32: *7 rewrite or internal redirection cycle while internally redirecting to "/index.php", client: 172.18.0.1, server: , request: "GET / HTTP/1.1", host: "localhost"
2021/06/28 12:41:22 [notice] 1#1: signal 3 (SIGQUIT) received, shutting down
2021/06/28 12:41:22 [notice] 33#33: gracefully shutting down
2021/06/28 12:41:22 [notice] 34#34: gracefully shutting down
2021/06/28 12:41:22 [notice] 34#34: exiting
2021/06/28 12:41:22 [notice] 35#35: gracefully shutting down
2021/06/28 12:41:22 [notice] 35#35: exiting
2021/06/28 12:41:22 [notice] 32#32: gracefully shutting down
2021/06/28 12:41:22 [notice] 32#32: exiting
2021/06/28 12:41:22 [notice] 33#33: exiting
2021/06/28 12:41:22 [notice] 34#34: exit
2021/06/28 12:41:22 [notice] 35#35: exit
2021/06/28 12:41:22 [notice] 32#32: exit
2021/06/28 12:41:22 [notice] 33#33: exit
2021/06/28 12:41:22 [notice] 1#1: signal 17 (SIGCHLD) received from 34
2021/06/28 12:41:22 [notice] 1#1: worker process 34 exited with code 0
2021/06/28 12:41:22 [notice] 1#1: signal 29 (SIGIO) received
2021/06/28 12:41:22 [notice] 1#1: signal 17 (SIGCHLD) received from 35
2021/06/28 12:41:22 [notice] 1#1: worker process 32 exited with code 0
2021/06/28 12:41:22 [notice] 1#1: worker process 35 exited with code 0
2021/06/28 12:41:22 [notice] 1#1: signal 29 (SIGIO) received
2021/06/28 12:41:22 [notice] 1#1: signal 17 (SIGCHLD) received from 33
2021/06/28 12:41:22 [notice] 1#1: worker process 33 exited with code 0
2021/06/28 12:41:22 [notice] 1#1: exit
2021/06/28 12:42:11 [notice] 1#1: using the "epoll" event method
2021/06/28 12:42:11 [notice] 1#1: nginx/1.20.1
2021/06/28 12:42:11 [notice] 1#1: built by gcc 8.3.0 (Debian 8.3.0-6) 
2021/06/28 12:42:11 [notice] 1#1: OS: Linux 5.10.25-linuxkit
2021/06/28 12:42:11 [notice] 1#1: getrlimit(RLIMIT_NOFILE): 1048576:1048576
2021/06/28 12:42:11 [notice] 1#1: start worker processes
2021/06/28 12:42:11 [notice] 1#1: start worker process 30
2021/06/28 12:42:11 [notice] 1#1: start worker process 31
2021/06/28 12:42:11 [notice] 1#1: start worker process 32
2021/06/28 12:42:11 [notice] 1#1: start worker process 33
2021/06/28 12:42:26 [notice] 1#1: signal 3 (SIGQUIT) received, shutting down
2021/06/28 12:42:26 [notice] 31#31: gracefully shutting down
2021/06/28 12:42:26 [notice] 31#31: exiting
2021/06/28 12:42:26 [notice] 30#30: gracefully shutting down
2021/06/28 12:42:26 [notice] 33#33: gracefully shutting down
2021/06/28 12:42:26 [notice] 32#32: gracefully shutting down
2021/06/28 12:42:26 [notice] 32#32: exiting
2021/06/28 12:42:26 [notice] 31#31: exit
2021/06/28 12:42:26 [notice] 30#30: exiting
2021/06/28 12:42:26 [notice] 33#33: exiting
2021/06/28 12:42:26 [notice] 32#32: exit
2021/06/28 12:42:26 [notice] 30#30: exit
2021/06/28 12:42:26 [notice] 33#33: exit
2021/06/28 12:42:26 [notice] 1#1: signal 17 (SIGCHLD) received from 31
2021/06/28 12:42:26 [notice] 1#1: worker process 31 exited with code 0
2021/06/28 12:42:26 [notice] 1#1: signal 29 (SIGIO) received
2021/06/28 12:42:26 [notice] 1#1: signal 17 (SIGCHLD) received from 30
2021/06/28 12:42:26 [notice] 1#1: worker process 30 exited with code 0
2021/06/28 12:42:26 [notice] 1#1: worker process 32 exited with code 0
2021/06/28 12:42:26 [notice] 1#1: signal 29 (SIGIO) received
2021/06/28 12:42:26 [notice] 1#1: signal 17 (SIGCHLD) received from 33
2021/06/28 12:42:26 [notice] 1#1: worker process 33 exited with code 0
2021/06/28 12:42:26 [notice] 1#1: exit
